<?xml version="1.0" encoding="utf-8"?>
<CoverageSession xmlns:xsd="http://www.w3.org/2001/XMLSchema" xmlns:xsi="http://www.w3.org/2001/XMLSchema-instance" Version="4.7.922.0">
  <Summary numSequencePoints="68" visitedSequencePoints="64" numBranchPoints="34" visitedBranchPoints="22" sequenceCoverage="94.12" branchCoverage="64.71" maxCyclomaticComplexity="5" minCyclomaticComplexity="1" maxCrapScore="5.02" minCrapScore="1" visitedClasses="3" numClasses="3" visitedMethods="10" numMethods="10" />
  <Modules>
    <Module hash="55-EE-10-32-7B-6D-31-0B-7D-0B-67-C8-31-00-CE-98-75-B7-35-0E">
      <Summary numSequencePoints="68" visitedSequencePoints="64" numBranchPoints="34" visitedBranchPoints="22" sequenceCoverage="94.12" branchCoverage="64.71" maxCyclomaticComplexity="5" minCyclomaticComplexity="1" maxCrapScore="5.02" minCrapScore="1" visitedClasses="3" numClasses="3" visitedMethods="10" numMethods="10" />
      <ModulePath>D:\Ambiente teste\CalculadoraTest\bin\Debug\fine-code-coverage\build-output\CalculadoraTest.dll</ModulePath>
      <ModuleTime>2022-02-13T21:29:04.3571836Z</ModuleTime>
      <ModuleName>CalculadoraTest</ModuleName>
      <Files>
        <File uid="1" fullPath="D:\Ambiente teste\CalculadoraTest\CalculadoraTest.cs" />
        <File uid="2" fullPath="D:\Ambiente teste\CalculadoraTest\Utilitarios\CalculadoraHelper.cs" />
        <File uid="3" fullPath="D:\Ambiente teste\CalculadoraTest\Utilitarios\ConversorEnum.cs" />
      </Files>
      <Classes>
        <Class>
          <Summary numSequencePoints="22" visitedSequencePoints="22" numBranchPoints="4" visitedBranchPoints="4" sequenceCoverage="100" branchCoverage="100" maxCyclomaticComplexity="1" minCyclomaticComplexity="1" maxCrapScore="2" minCrapScore="1" visitedClasses="1" numClasses="1" visitedMethods="4" numMethods="4" />
          <FullName>CalculadoraTest.CalculadoraTest</FullName>
          <Methods>
            <Method visited="true" cyclomaticComplexity="1" nPathComplexity="0" sequenceCoverage="100" branchCoverage="100" crapScore="1" isConstructor="false" isStatic="false" isGetter="false" isSetter="false">
              <Summary numSequencePoints="4" visitedSequencePoints="4" numBranchPoints="1" visitedBranchPoints="1" sequenceCoverage="100" branchCoverage="100" maxCyclomaticComplexity="1" minCyclomaticComplexity="1" maxCrapScore="1" minCrapScore="1" visitedClasses="0" numClasses="0" visitedMethods="1" numMethods="1" />
              <MetadataToken>100663297</MetadataToken>
              <Name>System.Void CalculadoraTest.CalculadoraTest::AbrirCalculadora_DeveSerValido()</Name>
              <FileRef uid="1" />
              <SequencePoints>
                <SequencePoint vc="1" uspid="1" ordinal="0" offset="0" sl="13" sc="9" el="13" ec="10" bec="0" bev="0" fileid="1" />
                <SequencePoint vc="1" uspid="2" ordinal="1" offset="1" sl="15" sc="13" el="15" ec="50" bec="0" bev="0" fileid="1" />
                <SequencePoint vc="1" uspid="3" ordinal="2" offset="7" sl="18" sc="13" el="18" ec="115" bec="0" bev="0" fileid="1" />
                <SequencePoint vc="1" uspid="4" ordinal="3" offset="28" sl="19" sc="9" el="19" ec="10" bec="0" bev="0" fileid="1" />
              </SequencePoints>
              <BranchPoints />
              <MethodPoint xsi:type="SequencePoint" vc="1" uspid="1" ordinal="0" offset="0" sl="13" sc="9" el="13" ec="10" bec="0" bev="0" fileid="1" />
            </Method>
            <Method visited="true" cyclomaticComplexity="1" nPathComplexity="0" sequenceCoverage="100" branchCoverage="100" crapScore="1" isConstructor="false" isStatic="false" isGetter="false" isSetter="false">
              <Summary numSequencePoints="7" visitedSequencePoints="7" numBranchPoints="1" visitedBranchPoints="1" sequenceCoverage="100" branchCoverage="100" maxCyclomaticComplexity="1" minCyclomaticComplexity="1" maxCrapScore="1" minCrapScore="1" visitedClasses="0" numClasses="0" visitedMethods="1" numMethods="1" />
              <MetadataToken>100663298</MetadataToken>
              <Name>System.Void CalculadoraTest.CalculadoraTest::CalcularSoma_DoisMaisCinco_DeveObterResultadoSete()</Name>
              <FileRef uid="1" />
              <SequencePoints>
                <SequencePoint vc="1" uspid="5" ordinal="0" offset="0" sl="23" sc="9" el="23" ec="10" bec="0" bev="0" fileid="1" />
                <SequencePoint vc="1" uspid="6" ordinal="1" offset="1" sl="25" sc="13" el="25" ec="79" bec="0" bev="0" fileid="1" />
                <SequencePoint vc="1" uspid="7" ordinal="2" offset="8" sl="26" sc="13" el="26" ec="83" bec="0" bev="0" fileid="1" />
                <SequencePoint vc="1" uspid="8" ordinal="3" offset="15" sl="27" sc="13" el="27" ec="80" bec="0" bev="0" fileid="1" />
                <SequencePoint vc="1" uspid="9" ordinal="4" offset="22" sl="28" sc="13" el="28" ec="84" bec="0" bev="0" fileid="1" />
                <SequencePoint vc="1" uspid="10" ordinal="5" offset="29" sl="31" sc="13" el="31" ec="73" bec="0" bev="0" fileid="1" />
                <SequencePoint vc="1" uspid="11" ordinal="6" offset="41" sl="32" sc="9" el="32" ec="10" bec="0" bev="0" fileid="1" />
              </SequencePoints>
              <BranchPoints />
              <MethodPoint xsi:type="SequencePoint" vc="1" uspid="5" ordinal="0" offset="0" sl="23" sc="9" el="23" ec="10" bec="0" bev="0" fileid="1" />
            </Method>
            <Method visited="true" cyclomaticComplexity="1" nPathComplexity="0" sequenceCoverage="100" branchCoverage="100" crapScore="1" isConstructor="false" isStatic="false" isGetter="false" isSetter="false">
              <Summary numSequencePoints="7" visitedSequencePoints="7" numBranchPoints="1" visitedBranchPoints="1" sequenceCoverage="100" branchCoverage="100" maxCyclomaticComplexity="1" minCyclomaticComplexity="1" maxCrapScore="1" minCrapScore="1" visitedClasses="0" numClasses="0" visitedMethods="1" numMethods="1" />
              <MetadataToken>100663299</MetadataToken>
              <Name>System.Void CalculadoraTest.CalculadoraTest::CalcularSubtracao_OitoMenosCinco_DeveObterResultadoTres()</Name>
              <FileRef uid="1" />
              <SequencePoints>
                <SequencePoint vc="1" uspid="12" ordinal="0" offset="0" sl="36" sc="9" el="36" ec="10" bec="0" bev="0" fileid="1" />
                <SequencePoint vc="1" uspid="13" ordinal="1" offset="1" sl="38" sc="13" el="38" ec="79" bec="0" bev="0" fileid="1" />
                <SequencePoint vc="1" uspid="14" ordinal="2" offset="8" sl="39" sc="13" el="39" ec="84" bec="0" bev="0" fileid="1" />
                <SequencePoint vc="1" uspid="15" ordinal="3" offset="15" sl="40" sc="13" el="40" ec="80" bec="0" bev="0" fileid="1" />
                <SequencePoint vc="1" uspid="16" ordinal="4" offset="22" sl="41" sc="13" el="41" ec="84" bec="0" bev="0" fileid="1" />
                <SequencePoint vc="1" uspid="17" ordinal="5" offset="29" sl="44" sc="13" el="44" ec="73" bec="0" bev="0" fileid="1" />
                <SequencePoint vc="1" uspid="18" ordinal="6" offset="41" sl="45" sc="9" el="45" ec="10" bec="0" bev="0" fileid="1" />
              </SequencePoints>
              <BranchPoints />
              <MethodPoint xsi:type="SequencePoint" vc="1" uspid="12" ordinal="0" offset="0" sl="36" sc="9" el="36" ec="10" bec="0" bev="0" fileid="1" />
            </Method>
            <Method visited="true" cyclomaticComplexity="1" nPathComplexity="0" sequenceCoverage="100" branchCoverage="100" crapScore="1" isConstructor="false" isStatic="false" isGetter="false" isSetter="false">
              <Summary numSequencePoints="4" visitedSequencePoints="4" numBranchPoints="1" visitedBranchPoints="1" sequenceCoverage="100" branchCoverage="100" maxCyclomaticComplexity="1" minCyclomaticComplexity="1" maxCrapScore="1" minCrapScore="1" visitedClasses="0" numClasses="0" visitedMethods="1" numMethods="1" />
              <MetadataToken>100663300</MetadataToken>
              <Name>System.Void CalculadoraTest.CalculadoraTest::FecharCalculadora_DeveSerValido()</Name>
              <FileRef uid="1" />
              <SequencePoints>
                <SequencePoint vc="1" uspid="19" ordinal="0" offset="0" sl="49" sc="9" el="49" ec="10" bec="0" bev="0" fileid="1" />
                <SequencePoint vc="1" uspid="20" ordinal="1" offset="1" sl="51" sc="13" el="51" ec="51" bec="0" bev="0" fileid="1" />
                <SequencePoint vc="1" uspid="21" ordinal="2" offset="7" sl="54" sc="13" el="54" ec="59" bec="0" bev="0" fileid="1" />
                <SequencePoint vc="1" uspid="22" ordinal="3" offset="18" sl="55" sc="9" el="55" ec="10" bec="0" bev="0" fileid="1" />
              </SequencePoints>
              <BranchPoints />
              <MethodPoint xsi:type="SequencePoint" vc="1" uspid="19" ordinal="0" offset="0" sl="49" sc="9" el="49" ec="10" bec="0" bev="0" fileid="1" />
            </Method>
            <Method visited="false" cyclomaticComplexity="1" nPathComplexity="0" sequenceCoverage="0" branchCoverage="0" crapScore="2" isConstructor="true" isStatic="false" isGetter="false" isSetter="false">
              <Summary numSequencePoints="0" visitedSequencePoints="0" numBranchPoints="0" visitedBranchPoints="0" sequenceCoverage="0" branchCoverage="0" maxCyclomaticComplexity="1" minCyclomaticComplexity="1" maxCrapScore="2" minCrapScore="2" visitedClasses="0" numClasses="0" visitedMethods="0" numMethods="0" />
              <MetadataToken>100663301</MetadataToken>
              <Name>System.Void CalculadoraTest.CalculadoraTest::.ctor()</Name>
              <SequencePoints />
              <BranchPoints />
              <MethodPoint vc="0" uspid="23" ordinal="0" offset="0" />
            </Method>
          </Methods>
        </Class>
        <Class>
          <Summary numSequencePoints="41" visitedSequencePoints="37" numBranchPoints="27" visitedBranchPoints="16" sequenceCoverage="90.24" branchCoverage="59.26" maxCyclomaticComplexity="5" minCyclomaticComplexity="1" maxCrapScore="5.02" minCrapScore="1" visitedClasses="1" numClasses="1" visitedMethods="5" numMethods="5" />
          <FullName>CalculadoraTest.Utilitarios.CalculadoraHelper</FullName>
          <Methods>
            <Method visited="true" cyclomaticComplexity="1" nPathComplexity="0" sequenceCoverage="100" branchCoverage="100" crapScore="1" isConstructor="false" isStatic="true" isGetter="false" isSetter="false">
              <Summary numSequencePoints="7" visitedSequencePoints="7" numBranchPoints="1" visitedBranchPoints="1" sequenceCoverage="100" branchCoverage="100" maxCyclomaticComplexity="1" minCyclomaticComplexity="1" maxCrapScore="1" minCrapScore="1" visitedClasses="0" numClasses="0" visitedMethods="1" numMethods="1" />
              <MetadataToken>100663302</MetadataToken>
              <Name>System.Void CalculadoraTest.Utilitarios.CalculadoraHelper::AbrirCalculadora()</Name>
              <FileRef uid="2" />
              <SequencePoints>
                <SequencePoint vc="1" uspid="24" ordinal="0" offset="0" sl="14" sc="9" el="14" ec="10" bec="0" bev="0" fileid="2" />
                <SequencePoint vc="1" uspid="25" ordinal="1" offset="1" sl="15" sc="13" el="15" ec="107" bec="0" bev="0" fileid="2" />
                <SequencePoint vc="1" uspid="26" ordinal="2" offset="19" sl="16" sc="13" el="16" ec="90" bec="0" bev="0" fileid="2" />
                <SequencePoint vc="1" uspid="27" ordinal="3" offset="34" sl="17" sc="13" el="17" ec="41" bec="0" bev="0" fileid="2" />
                <SequencePoint vc="1" uspid="28" ordinal="4" offset="45" sl="18" sc="13" el="18" ec="82" bec="0" bev="0" fileid="2" />
                <SequencePoint vc="1" uspid="29" ordinal="5" offset="61" sl="19" sc="13" el="19" ec="31" bec="0" bev="0" fileid="2" />
                <SequencePoint vc="1" uspid="30" ordinal="6" offset="72" sl="20" sc="9" el="20" ec="10" bec="0" bev="0" fileid="2" />
              </SequencePoints>
              <BranchPoints />
              <MethodPoint xsi:type="SequencePoint" vc="1" uspid="24" ordinal="0" offset="0" sl="14" sc="9" el="14" ec="10" bec="0" bev="0" fileid="2" />
            </Method>
            <Method visited="true" cyclomaticComplexity="5" nPathComplexity="16" sequenceCoverage="90.91" branchCoverage="55.56" crapScore="5.02" isConstructor="false" isStatic="true" isGetter="false" isSetter="false">
              <Summary numSequencePoints="11" visitedSequencePoints="10" numBranchPoints="9" visitedBranchPoints="5" sequenceCoverage="90.91" branchCoverage="55.56" maxCyclomaticComplexity="5" minCyclomaticComplexity="5" maxCrapScore="5.02" minCrapScore="5.02" visitedClasses="0" numClasses="0" visitedMethods="1" numMethods="1" />
              <MetadataToken>100663303</MetadataToken>
              <Name>System.Void CalculadoraTest.Utilitarios.CalculadoraHelper::FecharCalculadora()</Name>
              <FileRef uid="2" />
              <SequencePoints>
                <SequencePoint vc="1" uspid="31" ordinal="0" offset="0" sl="24" sc="9" el="24" ec="10" bec="0" bev="0" fileid="2" />
                <SequencePoint vc="1" uspid="32" ordinal="1" offset="1" sl="25" sc="13" el="25" ec="67" bec="0" bev="0" fileid="2" />
                <SequencePoint vc="1" uspid="33" ordinal="2" offset="17" sl="26" sc="13" el="26" ec="31" bec="0" bev="0" fileid="2" />
                <SequencePoint vc="1" uspid="34" ordinal="3" offset="28" sl="27" sc="13" el="27" ec="59" bec="4" bev="2" fileid="2" />
                <SequencePoint vc="0" uspid="35" ordinal="4" offset="47" sl="27" sc="60" el="27" ec="67" bec="0" bev="0" fileid="2" />
                <SequencePoint vc="1" uspid="36" ordinal="5" offset="49" sl="29" sc="13" el="29" ec="31" bec="0" bev="0" fileid="2" />
                <SequencePoint vc="1" uspid="37" ordinal="6" offset="56" sl="31" sc="13" el="31" ec="44" bec="2" bev="1" fileid="2" />
                <SequencePoint vc="1" uspid="38" ordinal="7" offset="73" sl="32" sc="13" el="32" ec="34" bec="2" bev="1" fileid="2" />
                <SequencePoint vc="1" uspid="39" ordinal="8" offset="90" sl="33" sc="13" el="33" ec="33" bec="0" bev="0" fileid="2" />
                <SequencePoint vc="1" uspid="40" ordinal="9" offset="96" sl="34" sc="13" el="34" ec="40" bec="0" bev="0" fileid="2" />
                <SequencePoint vc="1" uspid="41" ordinal="10" offset="102" sl="35" sc="9" el="35" ec="10" bec="0" bev="0" fileid="2" />
              </SequencePoints>
              <BranchPoints>
                <BranchPoint vc="1" uspid="42" ordinal="0" offset="29" sl="27" path="0" offsetend="31" fileid="2" />
                <BranchPoint vc="0" uspid="43" ordinal="1" offset="29" sl="27" path="1" offsetend="42" fileid="2" />
                <BranchPoint vc="0" uspid="44" ordinal="2" offset="45" sl="27" path="0" offsetchain="47" offsetend="102" fileid="2" />
                <BranchPoint vc="1" uspid="45" ordinal="3" offset="45" sl="27" path="1" offsetend="49" fileid="2" />
                <BranchPoint vc="0" uspid="46" ordinal="4" offset="62" sl="31" path="0" offsetend="64" fileid="2" />
                <BranchPoint vc="1" uspid="47" ordinal="5" offset="62" sl="31" path="1" offsetend="67" fileid="2" />
                <BranchPoint vc="0" uspid="48" ordinal="6" offset="79" sl="32" path="0" offsetend="81" fileid="2" />
                <BranchPoint vc="1" uspid="49" ordinal="7" offset="79" sl="32" path="1" offsetend="84" fileid="2" />
              </BranchPoints>
              <MethodPoint xsi:type="SequencePoint" vc="1" uspid="31" ordinal="0" offset="0" sl="24" sc="9" el="24" ec="10" bec="0" bev="0" fileid="2" />
            </Method>
            <Method visited="true" cyclomaticComplexity="3" nPathComplexity="4" sequenceCoverage="87.5" branchCoverage="60" crapScore="3.02" isConstructor="false" isStatic="true" isGetter="false" isSetter="false">
              <Summary numSequencePoints="8" visitedSequencePoints="7" numBranchPoints="5" visitedBranchPoints="3" sequenceCoverage="87.5" branchCoverage="60" maxCyclomaticComplexity="3" minCyclomaticComplexity="3" maxCrapScore="3.02" minCrapScore="3.02" visitedClasses="0" numClasses="0" visitedMethods="1" numMethods="1" />
              <MetadataToken>100663304</MetadataToken>
              <Name>System.Void CalculadoraTest.Utilitarios.CalculadoraHelper::ClicarNoBotaoNumero(CalculadoraTest.Enums.NumeroCalculadoraEnum)</Name>
              <FileRef uid="2" />
              <SequencePoints>
                <SequencePoint vc="4" uspid="50" ordinal="0" offset="0" sl="38" sc="9" el="38" ec="10" bec="0" bev="0" fileid="2" />
                <SequencePoint vc="4" uspid="51" ordinal="1" offset="1" sl="39" sc="13" el="39" ec="75" bec="0" bev="0" fileid="2" />
                <SequencePoint vc="4" uspid="52" ordinal="2" offset="18" sl="40" sc="13" el="40" ec="76" bec="0" bev="0" fileid="2" />
                <SequencePoint vc="4" uspid="53" ordinal="3" offset="30" sl="41" sc="13" el="41" ec="31" bec="0" bev="0" fileid="2" />
                <SequencePoint vc="4" uspid="54" ordinal="4" offset="41" sl="43" sc="13" el="43" ec="53" bec="4" bev="2" fileid="2" />
                <SequencePoint vc="0" uspid="55" ordinal="5" offset="60" sl="43" sc="54" el="43" ec="61" bec="0" bev="0" fileid="2" />
                <SequencePoint vc="4" uspid="56" ordinal="6" offset="62" sl="45" sc="13" el="45" ec="28" bec="0" bev="0" fileid="2" />
                <SequencePoint vc="4" uspid="57" ordinal="7" offset="69" sl="46" sc="9" el="46" ec="10" bec="0" bev="0" fileid="2" />
              </SequencePoints>
              <BranchPoints>
                <BranchPoint vc="4" uspid="58" ordinal="0" offset="42" sl="43" path="0" offsetend="44" fileid="2" />
                <BranchPoint vc="0" uspid="59" ordinal="1" offset="42" sl="43" path="1" offsetend="55" fileid="2" />
                <BranchPoint vc="0" uspid="60" ordinal="2" offset="58" sl="43" path="0" offsetchain="60" offsetend="69" fileid="2" />
                <BranchPoint vc="4" uspid="61" ordinal="3" offset="58" sl="43" path="1" offsetend="62" fileid="2" />
              </BranchPoints>
              <MethodPoint xsi:type="SequencePoint" vc="4" uspid="50" ordinal="0" offset="0" sl="38" sc="9" el="38" ec="10" bec="0" bev="0" fileid="2" />
            </Method>
            <Method visited="true" cyclomaticComplexity="4" nPathComplexity="8" sequenceCoverage="85.71" branchCoverage="57.14" crapScore="4.05" isConstructor="false" isStatic="true" isGetter="false" isSetter="false">
              <Summary numSequencePoints="7" visitedSequencePoints="6" numBranchPoints="7" visitedBranchPoints="4" sequenceCoverage="85.71" branchCoverage="57.14" maxCyclomaticComplexity="4" minCyclomaticComplexity="4" maxCrapScore="4.05" minCrapScore="4.05" visitedClasses="0" numClasses="0" visitedMethods="1" numMethods="1" />
              <MetadataToken>100663305</MetadataToken>
              <Name>System.Void CalculadoraTest.Utilitarios.CalculadoraHelper::ClicarNoBotaoOperador(CalculadoraTest.Enums.OperadorCalculadoraEnum)</Name>
              <FileRef uid="2" />
              <SequencePoints>
                <SequencePoint vc="4" uspid="62" ordinal="0" offset="0" sl="49" sc="9" el="49" ec="10" bec="0" bev="0" fileid="2" />
                <SequencePoint vc="4" uspid="63" ordinal="1" offset="1" sl="50" sc="13" el="50" ec="103" bec="2" bev="1" fileid="2" />
                <SequencePoint vc="4" uspid="64" ordinal="2" offset="27" sl="51" sc="13" el="51" ec="31" bec="0" bev="0" fileid="2" />
                <SequencePoint vc="4" uspid="65" ordinal="3" offset="38" sl="53" sc="13" el="53" ec="57" bec="4" bev="2" fileid="2" />
                <SequencePoint vc="0" uspid="66" ordinal="4" offset="57" sl="53" sc="58" el="53" ec="65" bec="0" bev="0" fileid="2" />
                <SequencePoint vc="4" uspid="67" ordinal="5" offset="59" sl="55" sc="13" el="55" ec="30" bec="0" bev="0" fileid="2" />
                <SequencePoint vc="4" uspid="68" ordinal="6" offset="66" sl="56" sc="9" el="56" ec="10" bec="0" bev="0" fileid="2" />
              </SequencePoints>
              <BranchPoints>
                <BranchPoint vc="0" uspid="69" ordinal="0" offset="13" sl="50" path="0" offsetend="15" fileid="2" />
                <BranchPoint vc="4" uspid="70" ordinal="1" offset="13" sl="50" path="1" offsetend="21" fileid="2" />
                <BranchPoint vc="4" uspid="71" ordinal="2" offset="39" sl="53" path="0" offsetend="41" fileid="2" />
                <BranchPoint vc="0" uspid="72" ordinal="3" offset="39" sl="53" path="1" offsetend="52" fileid="2" />
                <BranchPoint vc="0" uspid="73" ordinal="4" offset="55" sl="53" path="0" offsetchain="57" offsetend="66" fileid="2" />
                <BranchPoint vc="4" uspid="74" ordinal="5" offset="55" sl="53" path="1" offsetend="59" fileid="2" />
              </BranchPoints>
              <MethodPoint xsi:type="SequencePoint" vc="4" uspid="62" ordinal="0" offset="0" sl="49" sc="9" el="49" ec="10" bec="0" bev="0" fileid="2" />
            </Method>
            <Method visited="true" cyclomaticComplexity="3" nPathComplexity="4" sequenceCoverage="87.5" branchCoverage="60" crapScore="3.02" isConstructor="false" isStatic="true" isGetter="false" isSetter="false">
              <Summary numSequencePoints="8" visitedSequencePoints="7" numBranchPoints="5" visitedBranchPoints="3" sequenceCoverage="87.5" branchCoverage="60" maxCyclomaticComplexity="3" minCyclomaticComplexity="3" maxCrapScore="3.02" minCrapScore="3.02" visitedClasses="0" numClasses="0" visitedMethods="1" numMethods="1" />
              <MetadataToken>100663306</MetadataToken>
              <Name>System.Int32 CalculadoraTest.Utilitarios.CalculadoraHelper::ObterResultadoVisor()</Name>
              <FileRef uid="2" />
              <SequencePoints>
                <SequencePoint vc="2" uspid="75" ordinal="0" offset="0" sl="59" sc="9" el="59" ec="10" bec="0" bev="0" fileid="2" />
                <SequencePoint vc="2" uspid="76" ordinal="1" offset="1" sl="60" sc="13" el="60" ec="75" bec="0" bev="0" fileid="2" />
                <SequencePoint vc="2" uspid="77" ordinal="2" offset="17" sl="61" sc="13" el="61" ec="31" bec="0" bev="0" fileid="2" />
                <SequencePoint vc="2" uspid="78" ordinal="3" offset="28" sl="63" sc="13" el="63" ec="51" bec="4" bev="2" fileid="2" />
                <SequencePoint vc="0" uspid="79" ordinal="4" offset="47" sl="63" sc="52" el="63" ec="61" bec="0" bev="0" fileid="2" />
                <SequencePoint vc="2" uspid="80" ordinal="5" offset="51" sl="65" sc="13" el="65" ec="86" bec="0" bev="0" fileid="2" />
                <SequencePoint vc="2" uspid="81" ordinal="6" offset="78" sl="66" sc="13" el="66" ec="48" bec="0" bev="0" fileid="2" />
                <SequencePoint vc="2" uspid="82" ordinal="7" offset="87" sl="67" sc="9" el="67" ec="10" bec="0" bev="0" fileid="2" />
              </SequencePoints>
              <BranchPoints>
                <BranchPoint vc="2" uspid="83" ordinal="0" offset="29" sl="63" path="0" offsetend="31" fileid="2" />
                <BranchPoint vc="0" uspid="84" ordinal="1" offset="29" sl="63" path="1" offsetend="42" fileid="2" />
                <BranchPoint vc="0" uspid="85" ordinal="2" offset="45" sl="63" path="0" offsetend="47" fileid="2" />
                <BranchPoint vc="2" uspid="86" ordinal="3" offset="45" sl="63" path="1" offsetend="51" fileid="2" />
              </BranchPoints>
              <MethodPoint xsi:type="SequencePoint" vc="2" uspid="75" ordinal="0" offset="0" sl="59" sc="9" el="59" ec="10" bec="0" bev="0" fileid="2" />
            </Method>
          </Methods>
        </Class>
        <Class>
          <Summary numSequencePoints="5" visitedSequencePoints="5" numBranchPoints="3" visitedBranchPoints="2" sequenceCoverage="100" branchCoverage="66.67" maxCyclomaticComplexity="2" minCyclomaticComplexity="2" maxCrapScore="2" minCrapScore="2" visitedClasses="1" numClasses="1" visitedMethods="1" numMethods="1" />
          <FullName>CalculadoraTest.Utilitarios.ConversorEnum</FullName>
          <Methods>
            <Method visited="true" cyclomaticComplexity="2" nPathComplexity="2" sequenceCoverage="100" branchCoverage="66.67" crapScore="2" isConstructor="false" isStatic="true" isGetter="false" isSetter="false">
              <Summary numSequencePoints="5" visitedSequencePoints="5" numBranchPoints="3" visitedBranchPoints="2" sequenceCoverage="100" branchCoverage="66.67" maxCyclomaticComplexity="2" minCyclomaticComplexity="2" maxCrapScore="2" minCrapScore="2" visitedClasses="0" numClasses="0" visitedMethods="1" numMethods="1" />
              <MetadataToken>100663307</MetadataToken>
              <Name>System.String CalculadoraTest.Utilitarios.ConversorEnum::ObterDescricaoEnum(T)</Name>
              <FileRef uid="3" />
              <SequencePoints>
                <SequencePoint vc="4" uspid="87" ordinal="0" offset="0" sl="8" sc="9" el="8" ec="10" bec="0" bev="0" fileid="3" />
                <SequencePoint vc="4" uspid="88" ordinal="1" offset="1" sl="9" sc="13" el="9" ec="67" bec="0" bev="0" fileid="3" />
                <SequencePoint vc="4" uspid="89" ordinal="2" offset="33" sl="11" sc="13" el="12" ec="54" bec="0" bev="0" fileid="3" />
                <SequencePoint vc="4" uspid="90" ordinal="3" offset="56" sl="14" sc="13" el="14" ec="90" bec="2" bev="1" fileid="3" />
                <SequencePoint vc="4" uspid="91" ordinal="4" offset="86" sl="15" sc="9" el="15" ec="10" bec="0" bev="0" fileid="3" />
              </SequencePoints>
              <BranchPoints>
                <BranchPoint vc="0" uspid="92" ordinal="0" offset="58" sl="14" path="0" offsetend="60" fileid="3" />
                <BranchPoint vc="4" uspid="93" ordinal="1" offset="58" sl="14" path="1" offsetend="75" fileid="3" />
              </BranchPoints>
              <MethodPoint xsi:type="SequencePoint" vc="4" uspid="87" ordinal="0" offset="0" sl="8" sc="9" el="8" ec="10" bec="0" bev="0" fileid="3" />
            </Method>
          </Methods>
        </Class>
      </Classes>
    </Module>
  </Modules>
</CoverageSession>